<?xml version="1.0" encoding="UTF-8"?>
<testsuite name="SnapshotProcessorTest" tests="14" skipped="0" failures="0" errors="0" timestamp="2016-03-14T12:45:35" hostname="ncomp39" time="0.029">
  <properties/>
  <testcase name="testSnapshotWithIncrementals" classname="SnapshotProcessorTest" time="0.002"/>
  <testcase name="testSnapshotDuplicateStart2" classname="SnapshotProcessorTest" time="0.001"/>
  <testcase name="testSnapshot3Fragments" classname="SnapshotProcessorTest" time="0.002"/>
  <testcase name="testSnapshotDuplicate" classname="SnapshotProcessorTest" time="0.0"/>
  <testcase name="testSnapshot3FragmentsOneMissing" classname="SnapshotProcessorTest" time="0.001"/>
  <testcase name="testSnapshot2FragmentsWithIncrementals" classname="SnapshotProcessorTest" time="0.001"/>
  <testcase name="testSnapshotDuplicateStart" classname="SnapshotProcessorTest" time="0.001"/>
  <testcase name="testSnapshot2Symbols" classname="SnapshotProcessorTest" time="0.001"/>
  <testcase name="testSnapshot3FragmentsTwoTimes" classname="SnapshotProcessorTest" time="0.002"/>
  <testcase name="testSnapshot3FragmentsWithRecoveringInMiddle" classname="SnapshotProcessorTest" time="0.001"/>
  <testcase name="testSnapshot4FragmentsOutOfOrder" classname="SnapshotProcessorTest" time="0.001"/>
  <testcase name="testSnapshot" classname="SnapshotProcessorTest" time="0.001"/>
  <testcase name="testSnapshot3FragmentsOutOfOrder" classname="SnapshotProcessorTest" time="0.001"/>
  <testcase name="testSnapshotNotRecovering" classname="SnapshotProcessorTest" time="0.001"/>
  <system-out><![CDATA[15:45:35 INFO  Test worker-Processor - Recovering SYMB:CETS, SYMB2:CETS
15:45:35 INFO  Test worker-Processor - Recovering SYMB:CETS, SYMB2:CETS
15:45:35 INFO  Test worker-Processor - Recovering SYMB:CETS, SYMB2:CETS
15:45:35 INFO  Test worker-Processor - Recovering SYMB:CETS, SYMB2:CETS
15:45:35 INFO  Test worker-Processor - Recovering SYMB:CETS, SYMB2:CETS
15:45:35 INFO  Test worker-Processor - Recovering SYMB:CETS, SYMB2:CETS
15:45:35 INFO  Test worker-Processor - Recovering SYMB:CETS, SYMB2:CETS
15:45:35 INFO  Test worker-Processor - Recovering SYMB:CETS, SYMB2:CETS
15:45:35 INFO  Test worker-Processor - Recovering SYMB:CETS, SYMB2:CETS
15:45:35 INFO  Test worker-Processor - Recovering SYMB:CETS, SYMB2:CETS
15:45:35 INFO  Test worker-Processor - Recovering SYMB:CETS, SYMB2:CETS
15:45:35 INFO  Test worker-Processor - Recovering SYMB:CETS, SYMB2:CETS
15:45:35 INFO  Test worker-Processor - Recovering SYMB:CETS, SYMB2:CETS
15:45:35 INFO  Test worker-Processor - Recovering SYMB:CETS, SYMB2:CETS
15:45:35 INFO  Test worker-Processor - Recovering SYMB:CETS, SYMB2:CETS
]]></system-out>
  <system-err><![CDATA[]]></system-err>
</testsuite>
