<?xml version="1.0" encoding="UTF-8"?>
<testsuite name="IncrementalProcessorTest" tests="9" skipped="0" failures="0" errors="0" timestamp="2016-03-14T12:45:33" hostname="ncomp39" time="1.897">
  <properties/>
  <testcase name="testIncrementalWith2ChannelsWithFailover" classname="IncrementalProcessorTest" time="0.352"/>
  <testcase name="testIncrementalOutOfSequence2" classname="IncrementalProcessorTest" time="0.021"/>
  <testcase name="testIncrementalManyMessagesWith2Channels" classname="IncrementalProcessorTest" time="1.396"/>
  <testcase name="testIncrementalWith2Channels" classname="IncrementalProcessorTest" time="0.02"/>
  <testcase name="testIncrementalOutOfSequence" classname="IncrementalProcessorTest" time="0.019"/>
  <testcase name="testIncremental2Symbols" classname="IncrementalProcessorTest" time="0.019"/>
  <testcase name="testIncrementalOutOfSequenceWith2Channels" classname="IncrementalProcessorTest" time="0.024"/>
  <testcase name="testIncrementalOutOfSequenceFailed" classname="IncrementalProcessorTest" time="0.019"/>
  <testcase name="testIncremental" classname="IncrementalProcessorTest" time="0.018"/>
  <system-out><![CDATA[15:45:33 INFO  Test worker-SequenceValidator - Start Recovering SYMB:CETS
15:45:33 INFO  Test worker-SequenceValidator - Stop Recovering SYMB:CETS
15:45:33 DEBUG Test worker-SequenceValidator - OutOfSequence [Symbol: SYMB:CETS][Expected: 249][Received: 1]
15:45:33 INFO  Test worker-SequenceValidator - Start Recovering SYMB:CETS
15:45:33 INFO  Test worker-SequenceValidator - Stop Recovering SYMB:CETS
15:45:33 INFO  Test worker-SequenceValidator - Start Recovering SYMB:CETS
15:45:33 INFO  Test worker-SequenceValidator - Stop Recovering SYMB:CETS
15:45:33 DEBUG Test worker-SequenceValidator - OutOfSequence [Symbol: SYMB:CETS][Expected: 100][Received: 102]
15:45:33 INFO  Test worker-SequenceValidator - Start Recovering SYMB:CETS
15:45:33 DEBUG Test worker-SequenceValidator - InSequence [Symbol: SYMB:CETS][Received: 100]
15:45:33 DEBUG Test worker-SequenceValidator - InSequence [Symbol: SYMB:CETS][Received: 101]
15:45:33 INFO  Test worker-SequenceValidator - Stop Recovering SYMB:CETS
15:45:33 INFO  Test worker-SequenceValidator - Start Recovering SYMB:CETS
15:45:33 INFO  Test worker-SequenceValidator - Stop Recovering SYMB:CETS
15:45:35 INFO  Test worker-SequenceValidator - Start Recovering SYMB:CETS
15:45:35 INFO  Test worker-SequenceValidator - Stop Recovering SYMB:CETS
15:45:35 INFO  Test worker-SequenceValidator - Start Recovering SYMB:CETS
15:45:35 INFO  Test worker-SequenceValidator - Stop Recovering SYMB:CETS
15:45:35 DEBUG Test worker-SequenceValidator - OutOfSequence [Symbol: SYMB:CETS][Expected: 100][Received: 101]
15:45:35 INFO  Test worker-SequenceValidator - Start Recovering SYMB:CETS
15:45:35 DEBUG Test worker-SequenceValidator - InSequence [Symbol: SYMB:CETS][Received: 100]
15:45:35 INFO  Test worker-SequenceValidator - Stop Recovering SYMB:CETS
15:45:35 INFO  Test worker-SequenceValidator - Start Recovering SYMB:CETS
15:45:35 INFO  Test worker-SequenceValidator - Stop Recovering SYMB:CETS
15:45:35 INFO  Test worker-SequenceValidator - Start Recovering SYMB2:CETS
15:45:35 INFO  Test worker-SequenceValidator - Stop Recovering SYMB2:CETS
15:45:35 INFO  Test worker-SequenceValidator - Start Recovering SYMB:CETS
15:45:35 INFO  Test worker-SequenceValidator - Stop Recovering SYMB:CETS
15:45:35 INFO  Test worker-SequenceValidator - Start Recovering SYMB:CETS
15:45:35 INFO  Test worker-SequenceValidator - Stop Recovering SYMB:CETS
15:45:35 DEBUG Test worker-SequenceValidator - OutOfSequence [Symbol: SYMB:CETS][Expected: 100][Received: 102]
15:45:35 INFO  Test worker-SequenceValidator - Start Recovering SYMB:CETS
15:45:35 DEBUG Test worker-SequenceValidator - InSequence [Symbol: SYMB:CETS][Received: 100]
15:45:35 INFO  Test worker-SequenceValidator - Stop Recovering SYMB:CETS
15:45:35 INFO  Test worker-SequenceValidator - Start Recovering SYMB:CETS
15:45:35 INFO  Test worker-SequenceValidator - Stop Recovering SYMB:CETS
]]></system-out>
  <system-err><![CDATA[]]></system-err>
</testsuite>
