<?xml version="1.0" encoding="UTF-8"?>
<testsuite name="GatewayManagerTest" tests="2" skipped="1" failures="0" errors="0" timestamp="2016-03-14T12:45:31" hostname="ncomp39" time="1.614">
  <properties/>
  <testcase name="testUtils" classname="GatewayManagerTest" time="0.0">
    <skipped/>
  </testcase>
  <testcase name="testCreate" classname="GatewayManagerTest" time="1.586"/>
  <system-out><![CDATA[15:45:32 DEBUG CURR-IDF-A-MulticastReceiver - Created [Connection: CURR-IDF-A]
15:45:32 DEBUG CURR-IDF-A-MulticastReceiver - Opened channel on [Port: 9029]
15:45:32 DEBUG CURR-IDF-B-MulticastReceiver - Created [Connection: CURR-IDF-B]
15:45:32 DEBUG CURR-IDF-B-MulticastReceiver - Opened channel on [Port: 9229]
15:45:32 DEBUG CURR-ISF-A-MulticastReceiver - Created [Connection: CURR-ISF-A]
15:45:32 DEBUG CURR-ISF-A-MulticastReceiver - Opened channel on [Port: 9030]
15:45:32 DEBUG CURR-ISF-B-MulticastReceiver - Created [Connection: CURR-ISF-B]
15:45:32 DEBUG CURR-ISF-B-MulticastReceiver - Opened channel on [Port: 9230]
15:45:32 DEBUG CURR-OLS-A-MulticastReceiver - Created [Connection: CURR-OLS-A]
15:45:32 DEBUG CURR-OLS-A-MulticastReceiver - Opened channel on [Port: 9022]
15:45:32 DEBUG CURR-OLS-B-MulticastReceiver - Created [Connection: CURR-OLS-B]
15:45:32 DEBUG CURR-OLS-B-MulticastReceiver - Opened channel on [Port: 9222]
15:45:32 DEBUG CURR-OLR-A-MulticastReceiver - Created [Connection: CURR-OLR-A]
15:45:32 DEBUG CURR-OLR-A-MulticastReceiver - Opened channel on [Port: 9021]
15:45:32 DEBUG CURR-OLR-B-MulticastReceiver - Created [Connection: CURR-OLR-B]
15:45:32 DEBUG CURR-OLR-B-MulticastReceiver - Opened channel on [Port: 9221]
15:45:32 DEBUG CURR-MSS-A-MulticastReceiver - Created [Connection: CURR-MSS-A]
15:45:32 DEBUG CURR-MSS-A-MulticastReceiver - Opened channel on [Port: 9028]
15:45:32 DEBUG CURR-MSS-B-MulticastReceiver - Created [Connection: CURR-MSS-B]
15:45:32 DEBUG CURR-MSS-B-MulticastReceiver - Opened channel on [Port: 9228]
15:45:32 DEBUG CURR-MSR-A-MulticastReceiver - Created [Connection: CURR-MSR-A]
15:45:32 DEBUG CURR-MSR-A-MulticastReceiver - Opened channel on [Port: 9027]
15:45:32 DEBUG CURR-MSR-B-MulticastReceiver - Created [Connection: CURR-MSR-B]
15:45:32 DEBUG CURR-MSR-B-MulticastReceiver - Opened channel on [Port: 9227]
15:45:32 DEBUG CURR-TLR-A-MulticastReceiver - Created [Connection: CURR-TLR-A]
15:45:32 DEBUG CURR-TLR-A-MulticastReceiver - Opened channel on [Port: 9025]
15:45:32 DEBUG CURR-TLR-B-MulticastReceiver - Created [Connection: CURR-TLR-B]
15:45:32 DEBUG CURR-TLR-B-MulticastReceiver - Opened channel on [Port: 9225]
15:45:32 DEBUG CURR-TLS-A-MulticastReceiver - Created [Connection: CURR-TLS-A]
15:45:32 DEBUG CURR-TLS-A-MulticastReceiver - Opened channel on [Port: 9026]
15:45:32 DEBUG CURR-TLS-B-MulticastReceiver - Created [Connection: CURR-TLS-B]
15:45:32 DEBUG CURR-TLS-B-MulticastReceiver - Opened channel on [Port: 9226]
15:45:32 DEBUG FOND-IDF-A-MulticastReceiver - Created [Connection: FOND-IDF-A]
15:45:32 DEBUG FOND-IDF-A-MulticastReceiver - Opened channel on [Port: 9119]
15:45:32 DEBUG FOND-IDF-B-MulticastReceiver - Created [Connection: FOND-IDF-B]
15:45:32 DEBUG FOND-IDF-B-MulticastReceiver - Opened channel on [Port: 9319]
15:45:32 DEBUG FOND-ISF-A-MulticastReceiver - Created [Connection: FOND-ISF-A]
15:45:32 DEBUG FOND-ISF-A-MulticastReceiver - Opened channel on [Port: 9120]
15:45:32 DEBUG FOND-ISF-B-MulticastReceiver - Created [Connection: FOND-ISF-B]
15:45:32 DEBUG FOND-ISF-B-MulticastReceiver - Opened channel on [Port: 9320]
15:45:32 DEBUG FOND-OLS-A-MulticastReceiver - Created [Connection: FOND-OLS-A]
15:45:32 DEBUG FOND-OLS-A-MulticastReceiver - Opened channel on [Port: 9112]
15:45:32 DEBUG FOND-OLS-B-MulticastReceiver - Created [Connection: FOND-OLS-B]
15:45:32 DEBUG FOND-OLS-B-MulticastReceiver - Opened channel on [Port: 9312]
15:45:32 DEBUG FOND-OLR-A-MulticastReceiver - Created [Connection: FOND-OLR-A]
15:45:32 DEBUG FOND-OLR-A-MulticastReceiver - Opened channel on [Port: 9111]
15:45:32 DEBUG FOND-OLR-B-MulticastReceiver - Created [Connection: FOND-OLR-B]
15:45:32 DEBUG FOND-OLR-B-MulticastReceiver - Opened channel on [Port: 9311]
15:45:32 DEBUG FOND-MSS-A-MulticastReceiver - Created [Connection: FOND-MSS-A]
15:45:32 DEBUG FOND-MSS-A-MulticastReceiver - Opened channel on [Port: 9118]
15:45:32 DEBUG FOND-MSS-B-MulticastReceiver - Created [Connection: FOND-MSS-B]
15:45:32 DEBUG FOND-MSS-B-MulticastReceiver - Opened channel on [Port: 9318]
15:45:32 DEBUG FOND-MSR-A-MulticastReceiver - Created [Connection: FOND-MSR-A]
15:45:32 DEBUG FOND-MSR-A-MulticastReceiver - Opened channel on [Port: 9117]
15:45:32 DEBUG FOND-MSR-B-MulticastReceiver - Created [Connection: FOND-MSR-B]
15:45:33 DEBUG FOND-MSR-B-MulticastReceiver - Opened channel on [Port: 9317]
15:45:33 DEBUG FOND-TLR-A-MulticastReceiver - Created [Connection: FOND-TLR-A]
15:45:33 DEBUG FOND-TLR-A-MulticastReceiver - Opened channel on [Port: 9115]
15:45:33 DEBUG FOND-TLR-B-MulticastReceiver - Created [Connection: FOND-TLR-B]
15:45:33 DEBUG FOND-TLR-B-MulticastReceiver - Opened channel on [Port: 9315]
15:45:33 DEBUG FOND-TLS-A-MulticastReceiver - Created [Connection: FOND-TLS-A]
15:45:33 DEBUG FOND-TLS-A-MulticastReceiver - Opened channel on [Port: 9116]
15:45:33 DEBUG FOND-TLS-B-MulticastReceiver - Created [Connection: FOND-TLS-B]
15:45:33 DEBUG FOND-TLS-B-MulticastReceiver - Opened channel on [Port: 9316]
]]></system-out>
  <system-err><![CDATA[]]></system-err>
</testsuite>
