<?xml version="1.0" encoding="UTF-8"?>
<testsuite name="MessageSequenceValidatorTest" tests="6" skipped="0" failures="0" errors="0" timestamp="2016-03-14T12:45:35" hostname="ncomp39" time="0.079">
  <properties/>
  <testcase name="testOnSnapshot" classname="MessageSequenceValidatorTest" time="0.0"/>
  <testcase name="testOnIncrementalOutOfSequence" classname="MessageSequenceValidatorTest" time="0.0"/>
  <testcase name="testOnIncremental" classname="MessageSequenceValidatorTest" time="0.0"/>
  <testcase name="testRecovering" classname="MessageSequenceValidatorTest" time="0.0"/>
  <testcase name="testStoreIncermental" classname="MessageSequenceValidatorTest" time="0.0"/>
  <testcase name="testStoreIncermentalFailed" classname="MessageSequenceValidatorTest" time="0.001"/>
  <system-out><![CDATA[15:45:35 DEBUG Test worker-SequenceValidator - OutOfSequence [Symbol: SYMB][Expected: 11][Received: 12]
15:45:35 INFO  Test worker-SequenceValidator - Start Recovering SYMB
15:45:35 INFO  Test worker-SequenceValidator - Stop Recovering SYMB
15:45:35 INFO  Test worker-SequenceValidator - Start Recovering SYMB
15:45:35 INFO  Test worker-SequenceValidator - Stop Recovering SYMB
15:45:35 INFO  Test worker-SequenceValidator - Start Recovering SYMB
]]></system-out>
  <system-err><![CDATA[]]></system-err>
</testsuite>
