<?xml version="1.0" encoding="UTF-8"?>
<testsuite name="ConfigurationManagerTest" tests="2" skipped="0" failures="0" errors="0" timestamp="2016-03-14T12:45:31" hostname="ncomp39" time="0.071">
  <properties/>
  <testcase name="testConfigurationManager2Interfaces" classname="ConfigurationManagerTest" time="0.056"/>
  <testcase name="testConfigurationManager" classname="ConfigurationManagerTest" time="0.014"/>
  <system-out><![CDATA[]]></system-out>
  <system-err><![CDATA[]]></system-err>
</testsuite>
