<?xml version="1.0" encoding="UTF-8"?>
<testsuite name="MessageSequenceValidatorForPublicTradesTest" tests="1" skipped="0" failures="0" errors="0" timestamp="2016-03-14T12:45:35" hostname="ncomp39" time="0.0">
  <properties/>
  <testcase name="testPublicTradesOutOfOrder" classname="MessageSequenceValidatorForPublicTradesTest" time="0.0"/>
  <system-out><![CDATA[]]></system-out>
  <system-err><![CDATA[]]></system-err>
</testsuite>
